#-----------------------------------------------------------
# Vivado v2020.2 (64-bit)
# SW Build 3064766 on Wed Nov 18 09:12:45 MST 2020
# IP Build 3064653 on Wed Nov 18 14:17:31 MST 2020
# Start of session at: Sat Nov  1 15:41:32 2025
# Process ID: 45984
# Current directory: C:/work_file/grade1/GROUP_RTL_CODE/project_1
# Command line: vivado.exe -gui_launcher_event rodinguilauncherevent13904 C:\work_file\grade1\GROUP_RTL_CODE\project_1\project_1.xpr
# Log file: C:/work_file/grade1/GROUP_RTL_CODE/project_1/vivado.log
# Journal file: C:/work_file/grade1/GROUP_RTL_CODE/project_1\vivado.jou
#-----------------------------------------------------------
start_gui
open_project C:/work_file/grade1/GROUP_RTL_CODE/project_1/project_1.xpr
INFO: [Common 17-41] Interrupt caught. Command should exit soon.
INFO: [Common 17-344] 'open_project' was cancelled
open_project C:/work_file/grade1/GROUP_RTL_CODE/project_1/project_1.xpr
INFO: [Project 1-313] Project file moved from 'C:/work_file/grade1/MACRO_RTL_CODE/MACRO_RTL_CODE/MACRO_RTL_CODE/project_1' since last save.
CRITICAL WARNING: [Project 1-505] Unrecognized Option Name SimulatorVersionXsim
CRITICAL WARNING: [Project 1-505] Unrecognized Option Name SimulatorVersionModelSim
CRITICAL WARNING: [Project 1-505] Unrecognized Option Name SimulatorVersionQuesta
CRITICAL WARNING: [Project 1-505] Unrecognized Option Name SimulatorVersionXcelium
CRITICAL WARNING: [Project 1-505] Unrecognized Option Name SimulatorVersionVCS
CRITICAL WARNING: [Project 1-505] Unrecognized Option Name SimulatorVersionRiviera
CRITICAL WARNING: [Project 1-505] Unrecognized Option Name SimulatorVersionActiveHdl
CRITICAL WARNING: [Project 1-505] Unrecognized Option Name SimulatorGccVersionXsim
CRITICAL WARNING: [Project 1-505] Unrecognized Option Name SimulatorGccVersionModelSim
CRITICAL WARNING: [Project 1-505] Unrecognized Option Name SimulatorGccVersionQuesta
CRITICAL WARNING: [Project 1-505] Unrecognized Option Name SimulatorGccVersionXcelium
CRITICAL WARNING: [Project 1-505] Unrecognized Option Name SimulatorGccVersionVCS
CRITICAL WARNING: [Project 1-505] Unrecognized Option Name SimulatorGccVersionRiviera
CRITICAL WARNING: [Project 1-505] Unrecognized Option Name SimulatorGccVersionActiveHdl
WARNING: [filemgmt 56-2] Default IP Output Path : Could not find the directory 'C:/work_file/grade1/GROUP_RTL_CODE/project_1/project_1.gen/sources_1', nor could it be found using path 'C:/work_file/grade1/MACRO_RTL_CODE/MACRO_RTL_CODE/MACRO_RTL_CODE/project_1/project_1.gen/sources_1'.
CRITICAL WARNING: [Project 1-505] Unrecognized Option Name ClassicSocBoot
Scanning sources...
Finished scanning sources
CRITICAL WARNING: [Project 1-192] Failed to load run synth_1. Strategy Vivado Synthesis Defaults (Vivado Synthesis 2021) not recognized by Vivado. 

CRITICAL WARNING: [Project 1-192] Failed to load run impl_1. Strategy Vivado Implementation Defaults (Vivado Implementation 2021) not recognized by Vivado. 

WARNING: [Project 1-231] Project 'project_1.xpr' was created with a future version and may or may not perform reliably with this version of Vivado. It has been opened in read-only mode for the protection of unrecognized data. Use 'File | Save Project As...' if you wish to alter a copy of the project.
INFO: [IP_Flow 19-234] Refreshing IP repositories
INFO: [IP_Flow 19-1704] No user IP repositories specified
INFO: [IP_Flow 19-2313] Loaded Vivado IP repository 'C:/work_soft/vivado2020/Vivado/2020.2/data/ip'.
update_compile_order -fileset sources_1
exit
INFO: [Common 17-206] Exiting Vivado at Sat Nov  1 15:44:20 2025...
